<?xml version="1.0" encoding="UTF-8"?>
<!-- Generated by org.testng.reporters.JUnitReportReporter -->
<testsuite hostname="USHYDBPRASH09" failures="0" tests="1" name="TestScript.Sample" time="163.949" errors="0" timestamp="12 Aug 2020 11:58:49 GMT">
  <testcase classname="TestScript.Sample" name="sampleTest" time="163.949"/>
</testsuite> <!-- TestScript.Sample -->
