<?xml version="1.0" encoding="UTF-8"?>
<!-- Generated by org.testng.reporters.JUnitReportReporter -->
<testsuite hostname="USHYDBPRASH09" failures="0" tests="1" name="TestScript.Sample" time="130.663" errors="0" timestamp="15 Jul 2020 08:26:01 GMT">
  <testcase classname="TestScript.Sample" name="sampleTest" time="130.663"/>
</testsuite> <!-- TestScript.Sample -->
