<?xml version="1.0" encoding="UTF-8"?>
<!-- Generated by org.testng.reporters.JUnitReportReporter -->
<testsuite hostname="USHYDBPRASH09" failures="0" tests="1" name="TestScript.Sample" time="9.500" errors="0" timestamp="17 Jul 2020 11:08:36 GMT">
  <testcase classname="TestScript.Sample" name="sampleTest" time="9.500"/>
</testsuite> <!-- TestScript.Sample -->
